<?xml version="1.0" encoding="UTF-8"?>
<testsuite name="Scenario: user can login with correct password" tests="4" skipped="0" failures="0" errors="0" timestamp="2018-11-15T13:42:13" hostname="Olli-MacBook-Pro.local" time="0.007">
  <properties/>
  <testcase name="Given command login is selected" classname="Scenario: user can login with correct password" time="0.0"/>
  <testcase name="When username &quot;pekka&quot; and password &quot;akkep&quot; are entered" classname="Scenario: user can login with correct password" time="0.0"/>
  <testcase name="Then system will respond with &quot;logged in&quot;" classname="Scenario: user can login with correct password" time="0.0"/>
  <testcase name="classMethod" classname="Scenario: user can login with correct password" time="0.142"/>
  <system-out><![CDATA[]]></system-out>
  <system-err><![CDATA[]]></system-err>
</testsuite>
